
# Unity is running as administrator.

Unity is running with Administrator privileges, which is not supported. Unity executes scripts and binary libraries in your project that may originate from third party sources and potentially be harmful to your computer. Unity may also execute scripts and binary libraries that are still under development and not yet fully tested. Running Unity with Administrator privileges may lead to catastrophic consequences, including but not limited to accidental data loss, change of global system settings or even bricking your device.

| Restart Unity as a standard user | I wish to continue at my own risk |

[Licensing::Module] Trying to connect to existing licensing client channel...
[Licensing::IpcConnector] Successfully connected to: "LicenseClient-KAYODE SOLIU" at "2026-06-12T14:36:51.8381623Z"
Built from '6000.4/staging' branch; Version is '6000.4.11f1 (b0a1d6caadd2) revision 11575766'; Using compiler version '194234433'; Build Type 'Release'
OS: 'Windows 11  (10.0.26200) Core' Language: 'en' Physical Memory: 16222 MB
BatchMode: 0, IsHumanControllingUs: 1, StartBugReporterOnCrash: 1, Is64bit: 1
System  architecture: x64
Process architecture: x64
Date: 2026-06-12T14:36:51Z
Error creating external process 'C:/Program Files/Unity/Hub/Editor/6000.4.11f1/Editor/Data/Resources/PackageManager/Server/UnityPackageManager.exe' : The system cannot find the path specified.
Error cleaning up external process: The handle is invalid.
[Package Manager] Cannot start server process [path: `C:/Program Files/Unity/Hub/Editor/6000.4.11f1/Editor/Data/Resources/PackageManager/Server/UnityPackageManager.exe`]

COMMAND LINE ARGUMENTS:
C:\Program Files\Unity\Hub\Editor\6000.4.11f1\Editor\Unity.exe
-projectPath
D:\Work\naija-empires\unity-m0
-logFile
D:\Work\naija-empires\unity-open.log
Successfully changed project path to: D:\Work\naija-empires\unity-m0
D:/Work/naija-empires/unity-m0
[UnityMemory] Configuration Parameters - Can be set up in boot.config
    "memorysetup-temp-allocator-size-gi-baking-worker=262144"
    "memorysetup-temp-allocator-size-gi-baking-worker=262144"
    "memorysetup-temp-allocator-size-gi-baking-worker=262144"
    "memorysetup-temp-allocator-size-gi-baking-worker=262144"
    "memorysetup-temp-allocator-size-gi-baking-worker=262144"
    "memorysetup-temp-allocator-size-nav-mesh-worker=65536"
    "memorysetup-temp-allocator-size-audio-worker=65536"
    "memorysetup-temp-allocator-size-cloud-worker=32768"
    "memorysetup-temp-allocator-size-gfx=262144"
    "memorysetup-temp-allocator-size-preload-manager=33554432"
    "memorysetup-temp-allocator-size-job-worker=262144"
    "memorysetup-temp-allocator-size-background-worker=32768"
    "memorysetup-allocator-temp-initial-block-size-main=262144"
    "memorysetup-allocator-temp-initial-block-size-worker=262144"
    "memorysetup-bucket-allocator-granularity=16"
    "memorysetup-bucket-allocator-bucket-count=8"
    "memorysetup-bucket-allocator-block-size=33554432"
    "memorysetup-bucket-allocator-block-count=8"
    "memorysetup-main-allocator-block-size=16777216"
    "memorysetup-thread-allocator-block-size=16777216"
    "memorysetup-gfx-main-allocator-block-size=16777216"
    "memorysetup-gfx-thread-allocator-block-size=16777216"
    "memorysetup-cache-allocator-block-size=4194304"
    "memorysetup-typetree-allocator-block-size=2097152"
    "memorysetup-profiler-bucket-allocator-granularity=16"
    "memorysetup-profiler-bucket-allocator-bucket-count=8"
    "memorysetup-profiler-bucket-allocator-block-size=33554432"
    "memorysetup-profiler-bucket-allocator-block-count=8"
    "memorysetup-profiler-allocator-block-size=16777216"
    "memorysetup-profiler-editor-allocator-block-size=1048576"
    "memorysetup-temp-allocator-size-main=16777216"
    "memorysetup-job-temp-allocator-block-size=2097152"
    "memorysetup-job-temp-allocator-block-size-background=1048576"
    "memorysetup-job-temp-allocator-reduction-small-platforms=262144"
Player connection [36812]  Target information:

Player connection [36812]  * "[IP] 26.220.13.190 [Port] 55504 [Flags] 2 [Guid] 2510381976 [EditorId] 2510381976 [Version] 1048832 [Id] WindowsEditor(7,Kayode) [Debug] 1 [PackageName] WindowsEditor [ProjectName] Editor" 

Player connection [36812]  * "[IP] 169.254.30.17 [Port] 55504 [Flags] 2 [Guid] 2510381976 [EditorId] 2510381976 [Version] 1048832 [Id] WindowsEditor(7,Kayode) [Debug] 1 [PackageName] WindowsEditor [ProjectName] Editor" 

Player connection [36812]  * "[IP] 10.5.0.2 [Port] 55504 [Flags] 2 [Guid] 2510381976 [EditorId] 2510381976 [Version] 1048832 [Id] WindowsEditor(7,Kayode) [Debug] 1 [PackageName] WindowsEditor [ProjectName] Editor" 

Player connection [36812]  * "[IP] 192.168.0.198 [Port] 55504 [Flags] 2 [Guid] 2510381976 [EditorId] 2510381976 [Version] 1048832 [Id] WindowsEditor(7,Kayode) [Debug] 1 [PackageName] WindowsEditor [ProjectName] Editor" 

Player connection [36812] Host joined multi-casting on [225.0.0.222:54997]...
Player connection [36812] Host joined alternative multi-casting on [225.0.0.222:34997]...
Input System module state changed to: Initialized.
[Physics::Module] Initialized fallback backend.
[Physics::Module] Id: 0xdecafbad
Failed to load ASTC compressor library from astcenc-avx2
[Package Manager] Server process restart attempt #2

Error creating external process 'C:/Program Files/Unity/Hub/Editor/6000.4.11f1/Editor/Data/Resources/PackageManager/Server/UnityPackageManager.exe' : The system cannot find the path specified.
Error cleaning up external process: The handle is invalid.
[Package Manager] Cannot start server process [path: `C:/Program Files/Unity/Hub/Editor/6000.4.11f1/Editor/Data/Resources/PackageManager/Server/UnityPackageManager.exe`]
[Package Manager] Could not find Unity Package Manager local server application at [C:/Program Files/Unity/Hub/Editor/6000.4.11f1/Editor/Data/Resources/PackageManager/Server/UnityPackageManager.exe]. Missing files could be the result of an antivirus action or a corrupt Unity installation.
Exiting without the bug reporter. Application will terminate with return code 1